2025-07-31 16:55:12,490 - INFO - Successfully crawled: https://www.bbc.com/news/world
2025-07-31 16:55:13,856 - INFO - Successfully crawled: https://www.theguardian.com/world
2025-07-31 16:55:15,040 - INFO - Successfully crawled: https://www.bbc.com/news/world#main-content
2025-07-31 16:55:16,275 - INFO - Successfully crawled: https://www.bbc.com/
2025-07-31 16:55:17,497 - INFO - Successfully crawled: https://www.bbc.com/news
2025-07-31 16:55:18,742 - INFO - Successfully crawled: https://www.bbc.com/sport
2025-07-31 16:55:21,040 - INFO - Successfully crawled: https://www.bbc.com/business
2025-07-31 16:55:22,280 - INFO - Successfully crawled: https://www.bbc.com/innovation
2025-07-31 16:55:23,498 - INFO - Successfully crawled: https://www.bbc.com/culture
2025-07-31 16:55:24,752 - INFO - Successfully crawled: https://www.bbc.com/arts
2025-07-31 16:55:26,364 - INFO - Successfully crawled: https://www.bbc.com/travel
2025-07-31 16:55:27,568 - INFO - Successfully crawled: https://www.bbc.com/future-planet
2025-07-31 16:55:29,599 - INFO - Successfully crawled: https://www.bbc.com/audio
2025-07-31 16:55:31,233 - INFO - Successfully crawled: https://www.bbc.com/video
2025-07-31 16:55:32,433 - INFO - Successfully crawled: https://www.bbc.com/live
2025-07-31 16:55:33,919 - INFO - Successfully crawled: https://www.bbc.com/home
2025-07-31 16:55:35,177 - INFO - Successfully crawled: https://www.bbc.com/news/topics/c2vdnvdg6xxt
2025-07-31 16:55:36,696 - INFO - Successfully crawled: https://www.bbc.com/news/war-in-ukraine
2025-07-31 16:55:37,890 - INFO - Successfully crawled: https://www.bbc.com/news/us-canada
2025-07-31 16:55:39,107 - INFO - Successfully crawled: https://www.bbc.com/news/uk
2025-07-31 16:55:40,315 - INFO - Successfully crawled: https://www.bbc.com/news/politics
2025-07-31 16:55:41,511 - INFO - Successfully crawled: https://www.bbc.com/news/england
2025-07-31 16:55:42,710 - INFO - Successfully crawled: https://www.bbc.com/news/northern_ireland
2025-07-31 16:55:43,905 - INFO - Successfully crawled: https://www.bbc.com/news/northern_ireland/northern_ireland_politics
2025-07-31 16:55:45,166 - INFO - Successfully crawled: https://www.bbc.com/news/scotland
2025-07-31 16:55:46,360 - INFO - Successfully crawled: https://www.bbc.com/news/scotland/scotland_politics
2025-07-31 16:55:48,040 - INFO - Successfully crawled: https://www.bbc.com/news/wales
2025-07-31 16:55:49,472 - INFO - Successfully crawled: https://www.bbc.com/news/wales/wales_politics
2025-07-31 16:55:51,567 - INFO - Successfully crawled: https://www.bbc.com/news/world/africa
2025-07-31 16:55:53,180 - INFO - Successfully crawled: https://www.bbc.com/news/world/asia
2025-07-31 16:55:54,390 - INFO - Successfully crawled: https://www.bbc.com/news/world/asia/china
2025-07-31 16:55:55,562 - INFO - Successfully crawled: https://www.bbc.com/news/world/asia/india
2025-07-31 16:55:56,779 - INFO - Successfully crawled: https://www.bbc.com/news/world/australia
2025-07-31 16:55:57,989 - INFO - Successfully crawled: https://www.bbc.com/news/world/europe
2025-07-31 16:55:59,198 - INFO - Successfully crawled: https://www.bbc.com/news/world/latin_america
2025-07-31 16:56:00,846 - INFO - Successfully crawled: https://www.bbc.com/news/world/middle_east
2025-07-31 16:56:03,222 - INFO - Successfully crawled: https://www.bbc.com/news/in_pictures
2025-07-31 16:56:05,169 - INFO - Successfully crawled: https://www.bbc.com/news/bbcindepth
2025-07-31 16:56:07,325 - INFO - Successfully crawled: https://www.bbc.com/news/bbcverify
2025-07-31 16:56:10,177 - INFO - Successfully crawled: https://www.bbc.com/business/executive-lounge
2025-07-31 16:56:12,703 - INFO - Successfully crawled: https://www.bbc.com/business/technology-of-business
2025-07-31 16:56:15,229 - INFO - Successfully crawled: https://www.bbc.com/business/future-of-business
2025-07-31 16:56:18,195 - INFO - Successfully crawled: https://www.bbc.com/innovation/technology
2025-07-31 16:56:20,558 - INFO - Successfully crawled: https://www.bbc.com/innovation/science
2025-07-31 16:56:23,048 - INFO - Successfully crawled: https://www.bbc.com/innovation/artificial-intelligence
2025-07-31 16:56:24,984 - INFO - Successfully crawled: https://www.bbc.com/innovation/ai-v-the-mind
2025-07-31 16:56:26,141 - INFO - Successfully crawled: https://www.bbc.com/culture/film-tv
2025-07-31 16:56:27,281 - INFO - Successfully crawled: https://www.bbc.com/culture/music
2025-07-31 16:56:28,841 - INFO - Successfully crawled: https://www.bbc.com/culture/art
2025-07-31 16:56:30,342 - INFO - Successfully crawled: https://www.bbc.com/culture/style
2025-07-31 16:56:31,358 - INFO - Saved 50 documents to ../data/crawled_data_20250731_165631.json
2025-08-01 11:07:35,316 - ERROR - Error crawling https://www.theguardian.com/worldhttps://www.bbc.com/news/world: 404 Client Error: Not Found for url: https://www.theguardian.com/worldhttps://www.bbc.com/news/world
2025-08-01 11:07:36,439 - INFO - Robots.txt disallows crawling: https://news.google.com/
2025-08-01 11:07:37,444 - INFO - Saved 0 documents to ../data/crawled_data_20250801_110737.json
2025-08-01 11:08:00,927 - ERROR - Error crawling https://www.theguardian.com/worldhttps://www.bbc.com/news/world: 404 Client Error: Not Found for url: https://www.theguardian.com/worldhttps://www.bbc.com/news/world
2025-08-01 11:08:01,930 - INFO - Saved 0 documents to ../data/crawled_data_20250801_110801.json
2025-08-01 11:08:19,723 - ERROR - Error crawling https://www.theguardian.comhttps://www.bbc.com/news/world: HTTPSConnectionPool(host='www.theguardian.comhttps', port=443): Max retries exceeded with url: /www.bbc.com/news/world (Caused by NameResolutionError("<urllib3.connection.HTTPSConnection object at 0x00000166EA48D010>: Failed to resolve 'www.theguardian.comhttps' ([Errno 11001] getaddrinfo failed)"))
2025-08-01 11:08:20,726 - INFO - Saved 0 documents to ../data/crawled_data_20250801_110820.json
2025-08-01 11:09:23,448 - ERROR - Error crawling https://www.theguardian.com/internationalhttps://www.bbc.com/news/world: 404 Client Error: Not Found for url: https://www.theguardian.com/internationalhttps://www.bbc.com/news/world
2025-08-01 11:09:24,451 - INFO - Saved 0 documents to ../data/crawled_data_20250801_110924.json
2025-08-01 11:10:53,697 - INFO - Successfully crawled: https://www.bbc.com/news/world
2025-08-01 11:10:55,334 - INFO - Successfully crawled: https://www.theguardian.com/world
2025-08-01 11:10:56,486 - INFO - Successfully crawled: https://www.bbc.com/news/world#main-content
2025-08-01 11:10:57,644 - INFO - Successfully crawled: https://www.bbc.com/
2025-08-01 11:10:58,769 - INFO - Successfully crawled: https://www.bbc.com/news
2025-08-01 11:10:59,953 - INFO - Successfully crawled: https://www.bbc.com/sport
2025-08-01 11:11:01,120 - INFO - Successfully crawled: https://www.bbc.com/business
2025-08-01 11:11:02,320 - INFO - Successfully crawled: https://www.bbc.com/innovation
2025-08-01 11:11:03,478 - INFO - Successfully crawled: https://www.bbc.com/culture
2025-08-01 11:11:05,546 - INFO - Successfully crawled: https://www.bbc.com/arts
2025-08-01 11:11:07,571 - INFO - Successfully crawled: https://www.bbc.com/travel
2025-08-01 11:11:09,151 - INFO - Successfully crawled: https://www.bbc.com/future-planet
2025-08-01 11:11:11,579 - INFO - Successfully crawled: https://www.bbc.com/audio
2025-08-01 11:11:12,783 - INFO - Successfully crawled: https://www.bbc.com/video
2025-08-01 11:11:13,937 - INFO - Successfully crawled: https://www.bbc.com/live
2025-08-01 11:11:15,493 - INFO - Successfully crawled: https://www.bbc.com/home
2025-08-01 11:11:16,679 - INFO - Successfully crawled: https://www.bbc.com/news/topics/c2vdnvdg6xxt
2025-08-01 11:11:17,842 - INFO - Successfully crawled: https://www.bbc.com/news/war-in-ukraine
2025-08-01 11:11:18,996 - INFO - Successfully crawled: https://www.bbc.com/news/us-canada
2025-08-01 11:11:20,156 - INFO - Successfully crawled: https://www.bbc.com/news/uk
2025-08-01 11:11:22,598 - INFO - Successfully crawled: https://www.bbc.com/news/politics
2025-08-01 11:11:24,368 - INFO - Successfully crawled: https://www.bbc.com/news/england
2025-08-01 11:11:26,097 - INFO - Successfully crawled: https://www.bbc.com/news/northern_ireland
2025-08-01 11:11:27,715 - INFO - Successfully crawled: https://www.bbc.com/news/northern_ireland/northern_ireland_politics
2025-08-01 11:11:30,257 - INFO - Successfully crawled: https://www.bbc.com/news/scotland
2025-08-01 11:11:32,498 - INFO - Successfully crawled: https://www.bbc.com/news/scotland/scotland_politics
2025-08-01 11:11:44,560 - ERROR - Error crawling https://www.bbc.com/news/wales: HTTPSConnectionPool(host='www.bbc.com', port=443): Max retries exceeded with url: /news/wales (Caused by NameResolutionError("<urllib3.connection.HTTPSConnection object at 0x00000287F9076490>: Failed to resolve 'www.bbc.com' ([Errno 11001] getaddrinfo failed)"))
2025-08-01 11:11:45,822 - INFO - Successfully crawled: https://www.bbc.com/news/wales/wales_politics
2025-08-01 11:11:47,038 - INFO - Successfully crawled: https://www.bbc.com/news/world/africa
2025-08-01 11:11:48,259 - INFO - Successfully crawled: https://www.bbc.com/news/world/asia
2025-08-01 11:11:49,467 - INFO - Successfully crawled: https://www.bbc.com/news/world/asia/china
2025-08-01 11:11:50,752 - INFO - Successfully crawled: https://www.bbc.com/news/world/asia/india
2025-08-01 11:11:52,040 - INFO - Successfully crawled: https://www.bbc.com/news/world/australia
2025-08-01 11:11:53,243 - INFO - Successfully crawled: https://www.bbc.com/news/world/europe
2025-08-01 11:11:54,467 - INFO - Successfully crawled: https://www.bbc.com/news/world/latin_america
2025-08-01 11:11:55,669 - INFO - Successfully crawled: https://www.bbc.com/news/world/middle_east
2025-08-01 11:11:56,854 - INFO - Successfully crawled: https://www.bbc.com/news/in_pictures
2025-08-01 11:11:58,057 - INFO - Successfully crawled: https://www.bbc.com/news/bbcindepth
2025-08-01 11:11:59,309 - INFO - Successfully crawled: https://www.bbc.com/news/bbcverify
2025-08-01 11:12:00,489 - INFO - Successfully crawled: https://www.bbc.com/business/executive-lounge
2025-08-01 11:12:01,733 - INFO - Successfully crawled: https://www.bbc.com/business/technology-of-business
2025-08-01 11:12:03,512 - INFO - Successfully crawled: https://www.bbc.com/business/future-of-business
2025-08-01 11:12:04,733 - INFO - Successfully crawled: https://www.bbc.com/innovation/technology
2025-08-01 11:12:05,956 - INFO - Successfully crawled: https://www.bbc.com/innovation/science
2025-08-01 11:12:07,563 - INFO - Successfully crawled: https://www.bbc.com/innovation/artificial-intelligence
2025-08-01 11:12:09,263 - INFO - Successfully crawled: https://www.bbc.com/innovation/ai-v-the-mind
2025-08-01 11:12:10,906 - INFO - Successfully crawled: https://www.bbc.com/culture/film-tv
2025-08-01 11:12:12,428 - INFO - Successfully crawled: https://www.bbc.com/culture/music
2025-08-01 11:12:14,000 - INFO - Successfully crawled: https://www.bbc.com/culture/art
2025-08-01 11:12:16,030 - INFO - Successfully crawled: https://www.bbc.com/culture/style
2025-08-01 11:12:18,025 - INFO - Successfully crawled: https://www.bbc.com/culture/books
2025-08-01 11:12:19,832 - INFO - Successfully crawled: https://www.bbc.com/culture/entertainment-news
2025-08-01 11:12:21,801 - INFO - Successfully crawled: https://www.bbc.com/arts/arts-in-motion
2025-08-01 11:12:23,959 - INFO - Successfully crawled: https://www.bbc.com/travel/destinations
2025-08-01 11:12:25,583 - INFO - Successfully crawled: https://www.bbc.com/travel/destinations/africa
2025-08-01 11:12:27,566 - INFO - Successfully crawled: https://www.bbc.com/travel/destinations/antarctica
2025-08-01 11:12:29,158 - INFO - Successfully crawled: https://www.bbc.com/travel/destinations/asia
2025-08-01 11:12:30,725 - INFO - Successfully crawled: https://www.bbc.com/travel/destinations/australia-and-pacific
2025-08-01 11:12:33,421 - INFO - Successfully crawled: https://www.bbc.com/travel/destinations/caribbean
2025-08-01 11:12:34,890 - INFO - Successfully crawled: https://www.bbc.com/travel/destinations/central-america
2025-08-01 11:12:37,306 - INFO - Successfully crawled: https://www.bbc.com/travel/destinations/europe
2025-08-01 11:12:40,291 - INFO - Successfully crawled: https://www.bbc.com/travel/destinations/middle-east
2025-08-01 11:12:42,841 - INFO - Successfully crawled: https://www.bbc.com/travel/destinations/north-america
2025-08-01 11:12:45,271 - INFO - Successfully crawled: https://www.bbc.com/travel/destinations/south-america
2025-08-01 11:12:48,134 - INFO - Successfully crawled: https://www.bbc.com/travel/worlds-table
2025-08-01 11:12:50,199 - INFO - Successfully crawled: https://www.bbc.com/travel/cultural-experiences
2025-08-01 11:12:52,456 - INFO - Successfully crawled: https://www.bbc.com/travel/adventures
2025-08-01 11:12:54,022 - INFO - Successfully crawled: https://www.bbc.com/travel/specialist
2025-08-01 11:12:56,798 - INFO - Successfully crawled: https://www.bbc.com/future-planet/natural-wonders
2025-08-01 11:12:58,318 - INFO - Successfully crawled: https://www.bbc.com/future-planet/weather-science
2025-08-01 11:12:59,766 - INFO - Successfully crawled: https://www.bbc.com/future-planet/solutions
2025-08-01 11:13:02,166 - INFO - Successfully crawled: https://www.bbc.com/future-planet/sustainable-business
2025-08-01 11:13:04,836 - INFO - Successfully crawled: https://www.bbc.com/future-planet/green-living
2025-08-01 11:13:07,193 - INFO - Successfully crawled: https://www.bbc.com/audio/categories
2025-08-01 11:13:10,112 - INFO - Successfully crawled: https://www.bbc.com/audio/stations
2025-08-01 11:13:11,415 - ERROR - Error crawling https://www.bbc.com/undefined: 404 Client Error: Not Found for url: https://www.bbc.com/undefined
2025-08-01 11:13:13,044 - INFO - Successfully crawled: https://www.bbc.com/live/news
2025-08-01 11:13:14,844 - INFO - Successfully crawled: https://www.bbc.com/live/sport
2025-08-01 11:13:16,521 - INFO - Successfully crawled: https://www.bbc.com/weather
2025-08-01 11:13:17,883 - INFO - Successfully crawled: https://www.bbc.com/newsletters
2025-08-01 11:13:19,043 - INFO - Successfully crawled: https://www.bbc.com/news/articles/c0l6g13rlwko
2025-08-01 11:13:20,176 - INFO - Successfully crawled: https://www.bbc.com/news/articles/c74d82pdxjzo
2025-08-01 11:13:21,319 - INFO - Successfully crawled: https://www.bbc.com/news/articles/c2l7dey54zjo
2025-08-01 11:13:22,488 - INFO - Successfully crawled: https://www.bbc.com/news/articles/c8ryjpjrvddo
2025-08-01 11:13:23,651 - INFO - Successfully crawled: https://www.bbc.com/news/articles/ce930z8g9mvo
2025-08-01 11:13:24,824 - INFO - Successfully crawled: https://www.bbc.com/news/articles/ckglp8epg11o
2025-08-01 11:13:26,307 - INFO - Successfully crawled: https://www.bbc.com/news/articles/cpv0n0ky4xro
2025-08-01 11:13:27,458 - INFO - Successfully crawled: https://www.bbc.com/news/articles/c3dpxr85228o
2025-08-01 11:13:28,620 - INFO - Successfully crawled: https://www.bbc.com/news/articles/cvgp5q4x4nzo
2025-08-01 11:13:30,076 - INFO - Successfully crawled: https://www.bbc.com/news/articles/czd04nn7q75o
2025-08-01 11:13:31,652 - INFO - Successfully crawled: https://www.bbc.com/news/articles/c8e1wd7l811o
2025-08-01 11:13:32,821 - INFO - Successfully crawled: https://www.bbc.com/news/articles/c3wne86ex9qo
2025-08-01 11:13:33,949 - INFO - Successfully crawled: https://www.bbc.com/sport/articles/cdj237ly4g9o
2025-08-01 11:13:35,120 - INFO - Successfully crawled: https://www.bbc.com/news/articles/cger99z0yp9o
2025-08-01 11:13:36,268 - INFO - Successfully crawled: https://www.bbc.com/news/articles/c0l6w3n50k0o
2025-08-01 11:13:37,442 - INFO - Successfully crawled: https://www.bbc.com/news/articles/cvgn6979n59o
2025-08-01 11:13:38,605 - INFO - Successfully crawled: https://www.bbc.com/news/articles/cly6rl6158no
2025-08-01 11:13:39,814 - INFO - Successfully crawled: https://www.bbc.com/news/articles/cvgp5z1vvj5o
2025-08-01 11:13:40,994 - INFO - Successfully crawled: https://www.bbc.com/news/videos/cy98ql1v8wdo
2025-08-01 11:13:42,525 - INFO - Successfully crawled: https://www.bbc.com/news/videos/cwy01l5kgxno
2025-08-01 11:13:44,043 - INFO - Successfully crawled: https://www.bbc.com/news/videos/cdxyvndz4gjo
2025-08-01 11:13:45,220 - INFO - Successfully crawled: https://www.bbc.com/news/videos/cjey0v4xjz9o
2025-08-01 11:13:46,721 - INFO - Successfully crawled: https://www.bbc.com/news/videos/clyr2qx0y87o
2025-08-01 11:13:47,864 - INFO - Successfully crawled: https://www.bbc.com/news/articles/c8deqejdrmro
2025-08-01 11:13:49,028 - INFO - Successfully crawled: https://www.bbc.com/news/videos/cjelp738zd7o
2025-08-01 11:13:50,476 - INFO - Successfully crawled: https://www.bbc.com/news/articles/c4gzj4p7p64o
2025-08-01 11:13:51,626 - INFO - Successfully crawled: https://www.bbc.com/news/articles/czernwez4epo
2025-08-01 11:13:52,778 - INFO - Successfully crawled: https://www.bbc.com/news/articles/ckgely5d84jo
2025-08-01 11:13:54,280 - INFO - Successfully crawled: https://www.bbc.com/news/videos/c2enxm0zr8ko
2025-08-01 11:13:55,835 - INFO - Successfully crawled: https://www.bbc.com/pages/terms-of-use
2025-08-01 11:13:57,642 - INFO - Successfully crawled: https://www.bbc.com/pages/privacy-policy
2025-08-01 11:13:59,031 - INFO - Successfully crawled: https://www.bbc.com/usingthebbc/cookies/
2025-08-01 11:14:00,307 - INFO - Successfully crawled: https://www.bbc.com/advertisingcontact
2025-08-01 11:14:01,676 - INFO - Successfully crawled: https://www.bbc.com/usingthebbc/cookies/how-can-i-change-my-bbc-cookie-settings/
2025-08-01 11:14:03,069 - INFO - Successfully crawled: https://www.bbc.com/pages/archive
2025-08-01 11:14:04,472 - INFO - Successfully crawled: https://www.theguardian.com/world#maincontent
2025-08-01 11:14:05,710 - INFO - Successfully crawled: https://www.theguardian.com/world#navigation
2025-08-01 11:14:07,163 - INFO - Successfully crawled: https://www.theguardian.com/preference/edition/int
2025-08-01 11:14:08,763 - INFO - Successfully crawled: https://www.theguardian.com/preference/edition/uk
2025-08-01 11:14:10,514 - INFO - Successfully crawled: https://www.theguardian.com/preference/edition/us
2025-08-01 11:14:12,242 - INFO - Successfully crawled: https://www.theguardian.com/preference/edition/au
2025-08-01 11:14:13,885 - INFO - Successfully crawled: https://www.theguardian.com/preference/edition/eur
2025-08-01 11:14:15,243 - INFO - Successfully crawled: https://www.theguardian.com/
2025-08-01 11:14:16,792 - INFO - Successfully crawled: https://www.theguardian.com/commentisfree
2025-08-01 11:14:18,297 - INFO - Successfully crawled: https://www.theguardian.com/sport
2025-08-01 11:14:19,858 - INFO - Successfully crawled: https://www.theguardian.com/culture
2025-08-01 11:14:21,497 - INFO - Successfully crawled: https://www.theguardian.com/lifeandstyle
2025-08-01 11:14:22,826 - INFO - Successfully crawled: https://www.theguardian.com/us-news/us-politics
2025-08-01 11:14:24,475 - INFO - Successfully crawled: https://www.theguardian.com/uk-news
2025-08-01 11:14:25,849 - INFO - Successfully crawled: https://www.theguardian.com/environment/climate-crisis
2025-08-01 11:14:27,495 - INFO - Successfully crawled: https://www.theguardian.com/world/middleeast
2025-08-01 11:14:28,793 - INFO - Successfully crawled: https://www.theguardian.com/world/ukraine
2025-08-01 11:14:30,270 - INFO - Successfully crawled: https://www.theguardian.com/environment
2025-08-01 11:14:31,617 - INFO - Successfully crawled: https://www.theguardian.com/science
2025-08-01 11:14:33,185 - INFO - Successfully crawled: https://www.theguardian.com/global-development
2025-08-01 11:14:34,500 - INFO - Successfully crawled: https://www.theguardian.com/football
2025-08-01 11:14:36,316 - INFO - Successfully crawled: https://www.theguardian.com/technology
2025-08-01 11:14:37,888 - INFO - Successfully crawled: https://www.theguardian.com/business
2025-08-01 11:14:39,568 - INFO - Successfully crawled: https://www.theguardian.com/obituaries
2025-08-01 11:14:40,893 - INFO - Successfully crawled: https://www.theguardian.com/profile/editorial
2025-08-01 11:14:42,516 - INFO - Successfully crawled: https://www.theguardian.com/index/contributors
2025-08-01 11:14:43,840 - INFO - Successfully crawled: https://www.theguardian.com/tone/cartoons
2025-08-01 11:14:45,152 - INFO - Successfully crawled: https://www.theguardian.com/type/video+tone/comment
2025-08-01 11:14:46,496 - INFO - Successfully crawled: https://www.theguardian.com/tone/letters
2025-08-01 11:14:47,643 - INFO - Successfully crawled: https://www.theguardian.com/sport/cricket
2025-08-01 11:14:48,941 - INFO - Successfully crawled: https://www.theguardian.com/sport/rugby-union
2025-08-01 11:14:50,250 - INFO - Successfully crawled: https://www.theguardian.com/sport/tennis
2025-08-01 11:14:51,572 - INFO - Successfully crawled: https://www.theguardian.com/sport/cycling
2025-08-01 11:14:52,860 - INFO - Successfully crawled: https://www.theguardian.com/sport/formulaone
2025-08-01 11:14:54,184 - INFO - Successfully crawled: https://www.theguardian.com/sport/golf
2025-08-01 11:14:55,703 - INFO - Successfully crawled: https://www.theguardian.com/sport/us-sport
2025-08-01 11:14:57,002 - INFO - Successfully crawled: https://www.theguardian.com/books
2025-08-01 11:14:58,041 - INFO - Saved 150 documents to ../data/crawled_data_20250801_111458.json
2025-08-06 10:56:58,967 - INFO - Successfully crawled: https://www.bbc.com/news/world
2025-08-06 10:57:00,741 - INFO - Successfully crawled: https://www.theguardian.com/world
2025-08-06 10:57:01,951 - INFO - Successfully crawled: https://www.bbc.com/news/world#main-content
2025-08-06 10:57:03,185 - INFO - Successfully crawled: https://www.bbc.com/
2025-08-06 10:57:04,419 - INFO - Successfully crawled: https://www.bbc.com/news
2025-08-06 10:57:05,797 - INFO - Successfully crawled: https://www.bbc.com/sport
2025-08-06 10:57:17,860 - ERROR - Error crawling https://www.bbc.com/business: HTTPSConnectionPool(host='www.bbc.com', port=443): Max retries exceeded with url: /business (Caused by NameResolutionError("<urllib3.connection.HTTPSConnection object at 0x0000016D3407BB10>: Failed to resolve 'www.bbc.com' ([Errno 11001] getaddrinfo failed)"))
2025-08-06 10:57:19,181 - INFO - Successfully crawled: https://www.bbc.com/innovation
2025-08-06 10:57:20,407 - INFO - Successfully crawled: https://www.bbc.com/culture
2025-08-06 10:57:21,663 - INFO - Successfully crawled: https://www.bbc.com/arts
2025-08-06 10:57:23,241 - INFO - Successfully crawled: https://www.bbc.com/travel
2025-08-06 10:57:25,083 - INFO - Successfully crawled: https://www.bbc.com/future-planet
2025-08-06 10:57:26,759 - INFO - Successfully crawled: https://www.bbc.com/audio
2025-08-06 10:57:28,524 - INFO - Successfully crawled: https://www.bbc.com/video
2025-08-06 10:57:30,518 - INFO - Successfully crawled: https://www.bbc.com/live
2025-08-06 10:57:35,094 - INFO - Successfully crawled: https://www.bbc.com/home
2025-08-06 10:57:36,295 - INFO - Successfully crawled: https://www.bbc.com/news/topics/c2vdnvdg6xxt
2025-08-06 10:57:38,305 - INFO - Successfully crawled: https://www.bbc.com/news/war-in-ukraine
2025-08-06 10:57:39,509 - INFO - Successfully crawled: https://www.bbc.com/news/us-canada
2025-08-06 10:57:40,889 - INFO - Successfully crawled: https://www.bbc.com/news/uk
2025-08-06 10:57:42,894 - INFO - Successfully crawled: https://www.bbc.com/news/politics
2025-08-06 10:57:44,126 - INFO - Successfully crawled: https://www.bbc.com/news/england
2025-08-06 10:57:45,373 - INFO - Successfully crawled: https://www.bbc.com/news/northern_ireland
2025-08-06 10:57:47,089 - INFO - Successfully crawled: https://www.bbc.com/news/northern_ireland/northern_ireland_politics
2025-08-06 10:57:48,380 - INFO - Successfully crawled: https://www.bbc.com/news/scotland
2025-08-06 10:57:50,010 - INFO - Successfully crawled: https://www.bbc.com/news/scotland/scotland_politics
2025-08-06 10:57:51,294 - INFO - Successfully crawled: https://www.bbc.com/news/wales
2025-08-06 10:57:53,006 - INFO - Successfully crawled: https://www.bbc.com/news/wales/wales_politics
2025-08-06 10:57:54,344 - INFO - Successfully crawled: https://www.bbc.com/news/world/africa
2025-08-06 10:57:55,661 - INFO - Successfully crawled: https://www.bbc.com/news/world/asia
2025-08-06 10:57:57,005 - INFO - Successfully crawled: https://www.bbc.com/news/world/asia/china
2025-08-06 10:57:58,351 - INFO - Successfully crawled: https://www.bbc.com/news/world/asia/india
2025-08-06 10:57:59,614 - INFO - Successfully crawled: https://www.bbc.com/news/world/australia
2025-08-06 10:58:02,192 - INFO - Successfully crawled: https://www.bbc.com/news/world/europe
2025-08-06 10:58:03,701 - INFO - Successfully crawled: https://www.bbc.com/news/world/latin_america
2025-08-06 10:58:05,032 - INFO - Successfully crawled: https://www.bbc.com/news/world/middle_east
2025-08-06 10:58:06,716 - INFO - Successfully crawled: https://www.bbc.com/news/in_pictures
2025-08-06 10:58:08,025 - INFO - Successfully crawled: https://www.bbc.com/news/bbcindepth
2025-08-06 10:58:10,524 - INFO - Successfully crawled: https://www.bbc.com/news/bbcverify
2025-08-06 10:58:12,066 - INFO - Successfully crawled: https://www.bbc.com/business/executive-lounge
2025-08-06 10:58:15,372 - INFO - Successfully crawled: https://www.bbc.com/business/technology-of-business
2025-08-06 10:58:18,614 - INFO - Successfully crawled: https://www.bbc.com/business/future-of-business
2025-08-06 10:58:19,958 - INFO - Successfully crawled: https://www.bbc.com/innovation/technology
2025-08-06 10:58:21,254 - INFO - Successfully crawled: https://www.bbc.com/innovation/science
2025-08-06 10:58:23,882 - INFO - Successfully crawled: https://www.bbc.com/innovation/artificial-intelligence
2025-08-06 10:58:26,842 - INFO - Successfully crawled: https://www.bbc.com/innovation/ai-v-the-mind
2025-08-06 10:58:29,636 - INFO - Successfully crawled: https://www.bbc.com/culture/film-tv
2025-08-06 10:58:32,140 - INFO - Successfully crawled: https://www.bbc.com/culture/music
2025-08-06 10:58:33,802 - INFO - Successfully crawled: https://www.bbc.com/culture/art
2025-08-06 10:58:35,618 - INFO - Successfully crawled: https://www.bbc.com/culture/style
2025-08-06 10:58:36,938 - INFO - Successfully crawled: https://www.bbc.com/culture/books
2025-08-06 10:58:39,103 - INFO - Successfully crawled: https://www.bbc.com/culture/entertainment-news
2025-08-06 10:58:40,366 - INFO - Successfully crawled: https://www.bbc.com/arts/arts-in-motion
2025-08-06 10:58:42,060 - INFO - Successfully crawled: https://www.bbc.com/travel/destinations
2025-08-06 10:58:43,701 - INFO - Successfully crawled: https://www.bbc.com/travel/destinations/africa
2025-08-06 10:58:45,482 - INFO - Successfully crawled: https://www.bbc.com/travel/destinations/antarctica
2025-08-06 10:58:47,161 - INFO - Successfully crawled: https://www.bbc.com/travel/destinations/asia
2025-08-06 10:58:48,907 - INFO - Successfully crawled: https://www.bbc.com/travel/destinations/australia-and-pacific
2025-08-06 10:58:50,540 - INFO - Successfully crawled: https://www.bbc.com/travel/destinations/caribbean
2025-08-06 10:58:52,135 - INFO - Successfully crawled: https://www.bbc.com/travel/destinations/central-america
2025-08-06 10:58:53,748 - INFO - Successfully crawled: https://www.bbc.com/travel/destinations/europe
2025-08-06 10:58:55,348 - INFO - Successfully crawled: https://www.bbc.com/travel/destinations/middle-east
2025-08-06 10:58:57,029 - INFO - Successfully crawled: https://www.bbc.com/travel/destinations/north-america
2025-08-06 10:58:58,680 - INFO - Successfully crawled: https://www.bbc.com/travel/destinations/south-america
2025-08-06 10:59:00,442 - INFO - Successfully crawled: https://www.bbc.com/travel/worlds-table
2025-08-06 10:59:02,024 - INFO - Successfully crawled: https://www.bbc.com/travel/cultural-experiences
2025-08-06 10:59:03,569 - INFO - Successfully crawled: https://www.bbc.com/travel/adventures
2025-08-06 10:59:05,060 - INFO - Successfully crawled: https://www.bbc.com/travel/specialist
2025-08-06 10:59:06,318 - INFO - Successfully crawled: https://www.bbc.com/future-planet/natural-wonders
2025-08-06 10:59:07,498 - INFO - Successfully crawled: https://www.bbc.com/future-planet/weather-science
2025-08-06 10:59:08,681 - INFO - Successfully crawled: https://www.bbc.com/future-planet/solutions
2025-08-06 10:59:09,850 - INFO - Successfully crawled: https://www.bbc.com/future-planet/sustainable-business
2025-08-06 10:59:11,033 - INFO - Successfully crawled: https://www.bbc.com/future-planet/green-living
2025-08-06 10:59:12,464 - INFO - Successfully crawled: https://www.bbc.com/audio/categories
2025-08-06 10:59:13,941 - INFO - Successfully crawled: https://www.bbc.com/audio/stations
2025-08-06 10:59:15,197 - ERROR - Error crawling https://www.bbc.com/undefined: 404 Client Error: Not Found for url: https://www.bbc.com/undefined
2025-08-06 10:59:16,575 - INFO - Successfully crawled: https://www.bbc.com/live/news
2025-08-06 10:59:18,105 - INFO - Successfully crawled: https://www.bbc.com/live/sport
2025-08-06 10:59:19,331 - INFO - Successfully crawled: https://www.bbc.com/weather
2025-08-06 10:59:20,577 - INFO - ruthless removal did not work. 
2025-08-06 10:59:20,581 - INFO - Successfully crawled: https://www.bbc.com/newsletters
2025-08-06 10:59:21,747 - INFO - Successfully crawled: https://www.bbc.com/news/articles/c7vln1966r4o
2025-08-06 10:59:23,153 - INFO - Successfully crawled: https://www.bbc.com/news/articles/c5yl6eegv63o
2025-08-06 10:59:24,711 - INFO - Successfully crawled: https://www.bbc.com/news/articles/cjw6v6z5l8lo
2025-08-06 10:59:25,992 - INFO - ruthless removal did not work. 
2025-08-06 10:59:26,162 - INFO - Successfully crawled: https://www.bbc.com/news/live/cdjxp4n2371t
2025-08-06 10:59:27,418 - INFO - Successfully crawled: https://www.bbc.com/news/articles/cly6w27dp7no
2025-08-06 10:59:29,160 - INFO - Successfully crawled: https://www.bbc.com/news/articles/c74dzdddvmjo
2025-08-06 10:59:30,579 - INFO - Successfully crawled: https://www.bbc.com/news/articles/cm2v58qrjq0o
2025-08-06 10:59:31,846 - INFO - Successfully crawled: https://www.bbc.com/news/articles/cy5prnk1qw1o
2025-08-06 10:59:33,301 - INFO - Successfully crawled: https://www.bbc.com/news/articles/cvg3pp52m65o
2025-08-06 10:59:34,988 - INFO - Successfully crawled: https://www.bbc.com/news/articles/c79l38vl3lwo
2025-08-06 10:59:36,251 - INFO - Successfully crawled: https://www.bbc.com/news/articles/cgm2812p9yxo
2025-08-06 10:59:37,538 - INFO - Successfully crawled: https://www.bbc.com/news/articles/c776njyl74po
2025-08-06 10:59:38,833 - INFO - Successfully crawled: https://www.bbc.com/news/articles/cz93ge90dywo
2025-08-06 10:59:40,396 - INFO - Successfully crawled: https://www.bbc.com/news/articles/cd97e120xe5o
2025-08-06 10:59:41,688 - INFO - Successfully crawled: https://www.bbc.com/news/articles/cwyp7lgyy4ro
2025-08-06 10:59:42,940 - INFO - Successfully crawled: https://www.bbc.com/news/articles/c1lemml19j0o
2025-08-06 10:59:44,172 - INFO - Successfully crawled: https://www.bbc.com/news/articles/cx2q7egqrpdo
2025-08-06 10:59:46,142 - INFO - Successfully crawled: https://www.bbc.com/news/videos/c3dpk8gd1kdo
2025-08-06 10:59:47,470 - INFO - Successfully crawled: https://www.bbc.com/news/videos/cy853m9993vo
2025-08-06 10:59:48,775 - INFO - Successfully crawled: https://www.bbc.com/news/videos/cpqv7j97z3lo
2025-08-06 10:59:50,091 - INFO - Successfully crawled: https://www.bbc.com/news/videos/c0mlwp783r0o
2025-08-06 10:59:51,334 - INFO - Successfully crawled: https://www.bbc.com/news/articles/cj3lxzpkn87o
2025-08-06 10:59:52,598 - INFO - Successfully crawled: https://www.bbc.com/news/articles/c4gm921x424o
2025-08-06 10:59:53,893 - INFO - Successfully crawled: https://www.bbc.com/news/videos/cx27072xgj9o
2025-08-06 10:59:55,156 - INFO - Successfully crawled: https://www.bbc.com/news/articles/c741n548dkko
2025-08-06 10:59:56,502 - INFO - Successfully crawled: https://www.bbc.com/pages/terms-of-use
2025-08-06 10:59:58,357 - INFO - Successfully crawled: https://www.bbc.com/pages/privacy-policy
2025-08-06 10:59:59,829 - INFO - Successfully crawled: https://www.bbc.com/usingthebbc/cookies/
2025-08-06 11:00:01,180 - INFO - Successfully crawled: https://www.bbc.com/advertisingcontact
2025-08-06 11:00:02,684 - INFO - Successfully crawled: https://www.bbc.com/usingthebbc/cookies/how-can-i-change-my-bbc-cookie-settings/
2025-08-06 11:00:04,338 - INFO - Successfully crawled: https://www.bbc.com/pages/archive
2025-08-06 11:00:05,934 - INFO - Successfully crawled: https://www.theguardian.com/world#maincontent
2025-08-06 11:00:07,535 - INFO - Successfully crawled: https://www.theguardian.com/world#navigation
2025-08-06 11:00:09,609 - INFO - Successfully crawled: https://www.theguardian.com/preference/edition/int
2025-08-06 11:00:12,406 - INFO - Successfully crawled: https://www.theguardian.com/preference/edition/uk
2025-08-06 11:00:14,678 - INFO - Successfully crawled: https://www.theguardian.com/preference/edition/us
2025-08-06 11:00:16,606 - INFO - Successfully crawled: https://www.theguardian.com/preference/edition/au
2025-08-06 11:00:18,449 - INFO - Successfully crawled: https://www.theguardian.com/preference/edition/eur
2025-08-06 11:00:20,015 - INFO - Successfully crawled: https://www.theguardian.com/
2025-08-06 11:00:21,342 - INFO - Successfully crawled: https://www.theguardian.com/commentisfree
2025-08-06 11:00:22,830 - INFO - Successfully crawled: https://www.theguardian.com/sport
2025-08-06 11:00:24,534 - INFO - Successfully crawled: https://www.theguardian.com/culture
2025-08-06 11:00:26,072 - INFO - Successfully crawled: https://www.theguardian.com/lifeandstyle
2025-08-06 11:00:27,543 - INFO - Successfully crawled: https://www.theguardian.com/us-news/us-politics
2025-08-06 11:00:28,988 - INFO - Successfully crawled: https://www.theguardian.com/uk-news
2025-08-06 11:00:30,396 - INFO - Successfully crawled: https://www.theguardian.com/environment/climate-crisis
2025-08-06 11:00:32,118 - INFO - Successfully crawled: https://www.theguardian.com/world/middleeast
2025-08-06 11:00:33,510 - INFO - Successfully crawled: https://www.theguardian.com/world/ukraine
2025-08-06 11:00:35,145 - INFO - Successfully crawled: https://www.theguardian.com/environment
2025-08-06 11:00:36,720 - INFO - Successfully crawled: https://www.theguardian.com/science
2025-08-06 11:00:48,793 - ERROR - Error crawling https://www.theguardian.com/global-development: HTTPSConnectionPool(host='www.theguardian.com', port=443): Max retries exceeded with url: /global-development (Caused by NameResolutionError("<urllib3.connection.HTTPSConnection object at 0x0000016D341C2990>: Failed to resolve 'www.theguardian.com' ([Errno 11004] getaddrinfo failed)"))
2025-08-06 11:01:00,850 - ERROR - Error crawling https://www.theguardian.com/football: HTTPSConnectionPool(host='www.theguardian.com', port=443): Max retries exceeded with url: /football (Caused by NameResolutionError("<urllib3.connection.HTTPSConnection object at 0x0000016D341C0F50>: Failed to resolve 'www.theguardian.com' ([Errno 11004] getaddrinfo failed)"))
2025-08-06 11:01:02,421 - INFO - Successfully crawled: https://www.theguardian.com/technology
2025-08-06 11:01:04,040 - INFO - Successfully crawled: https://www.theguardian.com/business
2025-08-06 11:01:05,644 - INFO - Successfully crawled: https://www.theguardian.com/obituaries
2025-08-06 11:01:07,260 - INFO - Successfully crawled: https://www.theguardian.com/profile/editorial
2025-08-06 11:01:08,746 - INFO - Successfully crawled: https://www.theguardian.com/index/contributors
2025-08-06 11:01:10,083 - INFO - Successfully crawled: https://www.theguardian.com/tone/cartoons
2025-08-06 11:01:11,407 - INFO - Successfully crawled: https://www.theguardian.com/type/video+tone/comment
2025-08-06 11:01:12,744 - INFO - Successfully crawled: https://www.theguardian.com/tone/letters
2025-08-06 11:01:24,825 - ERROR - Error crawling https://www.theguardian.com/sport/cricket: HTTPSConnectionPool(host='www.theguardian.com', port=443): Max retries exceeded with url: /sport/cricket (Caused by NameResolutionError("<urllib3.connection.HTTPSConnection object at 0x0000016D36C11A90>: Failed to resolve 'www.theguardian.com' ([Errno 11004] getaddrinfo failed)"))
2025-08-06 11:01:26,279 - INFO - Successfully crawled: https://www.theguardian.com/sport/rugby-union
2025-08-06 11:01:27,646 - INFO - Successfully crawled: https://www.theguardian.com/sport/tennis
2025-08-06 11:01:29,031 - INFO - Successfully crawled: https://www.theguardian.com/sport/cycling
2025-08-06 11:01:30,395 - INFO - Successfully crawled: https://www.theguardian.com/sport/formulaone
2025-08-06 11:01:31,795 - INFO - Successfully crawled: https://www.theguardian.com/sport/golf
2025-08-06 11:01:33,144 - INFO - Successfully crawled: https://www.theguardian.com/sport/us-sport
2025-08-06 11:01:34,568 - INFO - Successfully crawled: https://www.theguardian.com/books
2025-08-06 11:01:36,104 - INFO - Successfully crawled: https://www.theguardian.com/music
2025-08-06 11:01:37,997 - INFO - Successfully crawled: https://www.theguardian.com/tv-and-radio
2025-08-06 11:01:39,426 - INFO - Successfully crawled: https://www.theguardian.com/artanddesign
2025-08-06 11:01:41,012 - INFO - Successfully crawled: https://www.theguardian.com/film
2025-08-06 11:01:42,394 - INFO - Successfully crawled: https://www.theguardian.com/games
2025-08-06 11:01:43,983 - INFO - Successfully crawled: https://www.theguardian.com/music/classicalmusicandopera
2025-08-06 11:01:45,513 - INFO - Successfully crawled: https://www.theguardian.com/stage
2025-08-06 11:01:46,544 - INFO - Saved 150 documents to ../data/crawled_data_20250806_110146.json
2025-08-06 11:04:13,191 - INFO - Successfully crawled: https://www.bbc.com/news/world
2025-08-06 11:04:14,875 - INFO - Successfully crawled: https://www.theguardian.com/world
2025-08-06 11:04:16,140 - INFO - Successfully crawled: https://www.bbc.com/news/world#main-content
2025-08-06 11:04:17,373 - INFO - Successfully crawled: https://www.bbc.com/
2025-08-06 11:04:18,562 - INFO - Successfully crawled: https://www.bbc.com/news
2025-08-06 11:04:19,851 - INFO - Successfully crawled: https://www.bbc.com/sport
2025-08-06 11:04:21,042 - INFO - Successfully crawled: https://www.bbc.com/business
2025-08-06 11:04:22,271 - INFO - Successfully crawled: https://www.bbc.com/innovation
2025-08-06 11:04:23,569 - INFO - Successfully crawled: https://www.bbc.com/culture
2025-08-06 11:04:26,025 - INFO - Successfully crawled: https://www.bbc.com/arts
2025-08-06 11:04:27,445 - INFO - Successfully crawled: https://www.bbc.com/travel
2025-08-06 11:04:28,630 - INFO - Successfully crawled: https://www.bbc.com/future-planet
2025-08-06 11:04:29,825 - INFO - Successfully crawled: https://www.bbc.com/audio
2025-08-06 11:04:31,038 - INFO - Successfully crawled: https://www.bbc.com/video
2025-08-06 11:04:32,197 - INFO - Successfully crawled: https://www.bbc.com/live
2025-08-06 11:04:33,873 - INFO - Successfully crawled: https://www.bbc.com/home
2025-08-06 11:04:35,050 - INFO - Successfully crawled: https://www.bbc.com/news/topics/c2vdnvdg6xxt
2025-08-06 11:04:36,279 - INFO - Successfully crawled: https://www.bbc.com/news/war-in-ukraine
2025-08-06 11:04:37,455 - INFO - Successfully crawled: https://www.bbc.com/news/us-canada
2025-08-06 11:04:38,637 - INFO - Successfully crawled: https://www.bbc.com/news/uk
2025-08-06 11:04:39,812 - INFO - Successfully crawled: https://www.bbc.com/news/politics
2025-08-06 11:04:42,447 - INFO - Successfully crawled: https://www.bbc.com/news/england
2025-08-06 11:04:44,978 - INFO - Successfully crawled: https://www.bbc.com/news/northern_ireland
2025-08-06 11:04:47,486 - INFO - Successfully crawled: https://www.bbc.com/news/northern_ireland/northern_ireland_politics
2025-08-06 11:04:49,788 - INFO - Successfully crawled: https://www.bbc.com/news/scotland
2025-08-06 11:05:03,178 - INFO - Successfully crawled: https://www.bbc.com/news/scotland/scotland_politics
2025-08-06 11:05:05,858 - INFO - Successfully crawled: https://www.bbc.com/news/wales
2025-08-06 11:05:08,101 - INFO - Successfully crawled: https://www.bbc.com/news/wales/wales_politics
2025-08-06 11:05:09,953 - INFO - Successfully crawled: https://www.bbc.com/news/world/africa
2025-08-06 11:05:11,205 - INFO - Successfully crawled: https://www.bbc.com/news/world/asia
2025-08-06 11:05:12,863 - INFO - Successfully crawled: https://www.bbc.com/news/world/asia/china
2025-08-06 11:05:14,046 - INFO - Successfully crawled: https://www.bbc.com/news/world/asia/india
2025-08-06 11:05:15,194 - INFO - Successfully crawled: https://www.bbc.com/news/world/australia
2025-08-06 11:05:16,796 - INFO - Successfully crawled: https://www.bbc.com/news/world/europe
2025-08-06 11:05:18,815 - INFO - Successfully crawled: https://www.bbc.com/news/world/latin_america
2025-08-06 11:05:21,015 - INFO - Successfully crawled: https://www.bbc.com/news/world/middle_east
2025-08-06 11:05:23,011 - INFO - Successfully crawled: https://www.bbc.com/news/in_pictures
2025-08-06 11:05:24,977 - INFO - Successfully crawled: https://www.bbc.com/news/bbcindepth
2025-08-06 11:05:26,167 - INFO - Successfully crawled: https://www.bbc.com/news/bbcverify
2025-08-06 11:05:27,296 - INFO - Successfully crawled: https://www.bbc.com/business/executive-lounge
2025-08-06 11:05:28,455 - INFO - Successfully crawled: https://www.bbc.com/business/technology-of-business
2025-08-06 11:05:29,728 - INFO - Successfully crawled: https://www.bbc.com/business/future-of-business
2025-08-06 11:05:41,963 - INFO - Successfully crawled: https://www.bbc.com/innovation/technology
2025-08-06 11:05:43,177 - INFO - Successfully crawled: https://www.bbc.com/innovation/science
2025-08-06 11:05:44,368 - INFO - Successfully crawled: https://www.bbc.com/innovation/artificial-intelligence
2025-08-06 11:05:45,529 - INFO - Successfully crawled: https://www.bbc.com/innovation/ai-v-the-mind
2025-08-06 11:05:46,719 - INFO - Successfully crawled: https://www.bbc.com/culture/film-tv
2025-08-06 11:05:59,118 - INFO - Successfully crawled: https://www.bbc.com/culture/music
2025-08-06 11:06:02,115 - INFO - Successfully crawled: https://www.bbc.com/culture/art
2025-08-06 11:06:03,335 - INFO - Successfully crawled: https://www.bbc.com/culture/style
2025-08-06 11:06:05,081 - INFO - Successfully crawled: https://www.bbc.com/culture/books
2025-08-06 11:06:06,349 - INFO - Successfully crawled: https://www.bbc.com/culture/entertainment-news
2025-08-06 11:06:08,202 - INFO - Successfully crawled: https://www.bbc.com/arts/arts-in-motion
2025-08-06 11:06:09,374 - INFO - Successfully crawled: https://www.bbc.com/travel/destinations
2025-08-06 11:06:10,660 - INFO - Successfully crawled: https://www.bbc.com/travel/destinations/africa
2025-08-06 11:06:11,875 - INFO - Successfully crawled: https://www.bbc.com/travel/destinations/antarctica
2025-08-06 11:06:13,128 - INFO - Successfully crawled: https://www.bbc.com/travel/destinations/asia
2025-08-06 11:06:14,375 - INFO - Successfully crawled: https://www.bbc.com/travel/destinations/australia-and-pacific
2025-08-06 11:06:15,638 - INFO - Successfully crawled: https://www.bbc.com/travel/destinations/caribbean
2025-08-06 11:06:16,853 - INFO - Successfully crawled: https://www.bbc.com/travel/destinations/central-america
2025-08-06 11:06:18,072 - INFO - Successfully crawled: https://www.bbc.com/travel/destinations/europe
2025-08-06 11:06:19,323 - INFO - Successfully crawled: https://www.bbc.com/travel/destinations/middle-east
2025-08-06 11:06:20,618 - INFO - Successfully crawled: https://www.bbc.com/travel/destinations/north-america
2025-08-06 11:06:21,883 - INFO - Successfully crawled: https://www.bbc.com/travel/destinations/south-america
2025-08-06 11:06:23,157 - INFO - Successfully crawled: https://www.bbc.com/travel/worlds-table
2025-08-06 11:06:24,488 - INFO - Successfully crawled: https://www.bbc.com/travel/cultural-experiences
2025-08-06 11:06:25,807 - INFO - Successfully crawled: https://www.bbc.com/travel/adventures
2025-08-06 11:06:27,078 - INFO - Successfully crawled: https://www.bbc.com/travel/specialist
2025-08-06 11:06:28,464 - INFO - Successfully crawled: https://www.bbc.com/future-planet/natural-wonders
2025-08-06 11:06:29,665 - INFO - Successfully crawled: https://www.bbc.com/future-planet/weather-science
2025-08-06 11:06:32,531 - INFO - Successfully crawled: https://www.bbc.com/future-planet/solutions
2025-08-06 11:06:34,791 - INFO - Successfully crawled: https://www.bbc.com/future-planet/sustainable-business
2025-08-06 11:06:37,082 - INFO - Successfully crawled: https://www.bbc.com/future-planet/green-living
2025-08-06 11:06:38,295 - INFO - Successfully crawled: https://www.bbc.com/audio/categories
2025-08-06 11:06:39,530 - INFO - Successfully crawled: https://www.bbc.com/audio/stations
2025-08-06 11:06:40,623 - ERROR - Error crawling https://www.bbc.com/undefined: 404 Client Error: Not Found for url: https://www.bbc.com/undefined
2025-08-06 11:06:42,106 - INFO - Successfully crawled: https://www.bbc.com/live/news
2025-08-06 11:06:43,307 - INFO - Successfully crawled: https://www.bbc.com/live/sport
2025-08-06 11:06:44,576 - INFO - Successfully crawled: https://www.bbc.com/weather
2025-08-06 11:06:45,670 - INFO - ruthless removal did not work. 
2025-08-06 11:06:45,675 - INFO - Successfully crawled: https://www.bbc.com/newsletters
2025-08-06 11:06:46,901 - INFO - Successfully crawled: https://www.bbc.com/news/articles/c7vln1966r4o
2025-08-06 11:06:48,326 - INFO - Successfully crawled: https://www.bbc.com/news/articles/c5yl6eegv63o
2025-08-06 11:06:50,917 - INFO - Successfully crawled: https://www.bbc.com/news/articles/cjw6v6z5l8lo
2025-08-06 11:06:52,109 - INFO - ruthless removal did not work. 
2025-08-06 11:06:52,158 - INFO - Successfully crawled: https://www.bbc.com/news/live/cdjxp4n2371t
2025-08-06 11:06:53,953 - INFO - Successfully crawled: https://www.bbc.com/news/articles/cly6w27dp7no
2025-08-06 11:06:55,376 - INFO - Successfully crawled: https://www.bbc.com/news/articles/c74dzdddvmjo
2025-08-06 11:06:56,533 - INFO - Successfully crawled: https://www.bbc.com/news/articles/cm2v58qrjq0o
2025-08-06 11:06:57,676 - INFO - Successfully crawled: https://www.bbc.com/news/articles/cy5prnk1qw1o
2025-08-06 11:06:58,864 - INFO - Successfully crawled: https://www.bbc.com/news/articles/cvg3pp52m65o
2025-08-06 11:07:00,324 - INFO - Successfully crawled: https://www.bbc.com/news/articles/c79l38vl3lwo
2025-08-06 11:07:01,480 - INFO - Successfully crawled: https://www.bbc.com/news/articles/cgm2812p9yxo
2025-08-06 11:07:02,653 - INFO - Successfully crawled: https://www.bbc.com/news/articles/c776njyl74po
2025-08-06 11:07:03,820 - INFO - Successfully crawled: https://www.bbc.com/news/articles/cz93ge90dywo
2025-08-06 11:07:05,409 - INFO - Successfully crawled: https://www.bbc.com/news/articles/cd97e120xe5o
2025-08-06 11:07:07,406 - INFO - Successfully crawled: https://www.bbc.com/news/articles/cwyp7lgyy4ro
2025-08-06 11:07:08,577 - INFO - Successfully crawled: https://www.bbc.com/news/articles/c1lemml19j0o
2025-08-06 11:07:10,453 - INFO - Successfully crawled: https://www.bbc.com/news/articles/cx2q7egqrpdo
2025-08-06 11:07:12,003 - INFO - Successfully crawled: https://www.bbc.com/news/videos/c3dpk8gd1kdo
2025-08-06 11:07:13,745 - INFO - Successfully crawled: https://www.bbc.com/news/videos/cy853m9993vo
2025-08-06 11:07:26,510 - INFO - Successfully crawled: https://www.bbc.com/news/videos/cpqv7j97z3lo
2025-08-06 11:07:28,062 - INFO - Successfully crawled: https://www.bbc.com/news/videos/c0mlwp783r0o
2025-08-06 11:07:29,246 - INFO - Successfully crawled: https://www.bbc.com/news/articles/cj3lxzpkn87o
2025-08-06 11:07:30,447 - INFO - Successfully crawled: https://www.bbc.com/news/articles/c4gm921x424o
2025-08-06 11:07:31,931 - INFO - Successfully crawled: https://www.bbc.com/news/videos/cx27072xgj9o
2025-08-06 11:07:33,141 - INFO - Successfully crawled: https://www.bbc.com/news/articles/c741n548dkko
2025-08-06 11:07:34,736 - INFO - Successfully crawled: https://www.bbc.com/pages/terms-of-use
2025-08-06 11:07:36,495 - INFO - Successfully crawled: https://www.bbc.com/pages/privacy-policy
2025-08-06 11:07:37,849 - INFO - Successfully crawled: https://www.bbc.com/usingthebbc/cookies/
2025-08-06 11:07:39,142 - INFO - Successfully crawled: https://www.bbc.com/advertisingcontact
2025-08-06 11:07:40,525 - INFO - Successfully crawled: https://www.bbc.com/usingthebbc/cookies/how-can-i-change-my-bbc-cookie-settings/
2025-08-06 11:07:41,720 - INFO - Successfully crawled: https://www.bbc.com/pages/archive
2025-08-06 11:07:53,803 - ERROR - Error crawling https://www.theguardian.com/world#maincontent: HTTPSConnectionPool(host='www.theguardian.com', port=443): Max retries exceeded with url: /world (Caused by NameResolutionError("<urllib3.connection.HTTPSConnection object at 0x00000164A54AB9D0>: Failed to resolve 'www.theguardian.com' ([Errno 11001] getaddrinfo failed)"))
2025-08-06 11:07:56,426 - INFO - Successfully crawled: https://www.theguardian.com/world#navigation
2025-08-06 11:07:58,301 - INFO - Successfully crawled: https://www.theguardian.com/preference/edition/int
2025-08-06 11:08:00,760 - INFO - Successfully crawled: https://www.theguardian.com/preference/edition/uk
2025-08-06 11:08:03,072 - INFO - Successfully crawled: https://www.theguardian.com/preference/edition/us
2025-08-06 11:08:05,274 - INFO - Successfully crawled: https://www.theguardian.com/preference/edition/au
2025-08-06 11:08:07,488 - INFO - Successfully crawled: https://www.theguardian.com/preference/edition/eur
2025-08-06 11:08:09,227 - INFO - Successfully crawled: https://www.theguardian.com/
2025-08-06 11:08:10,657 - INFO - Successfully crawled: https://www.theguardian.com/commentisfree
2025-08-06 11:08:12,210 - INFO - Successfully crawled: https://www.theguardian.com/sport
2025-08-06 11:08:14,273 - INFO - Successfully crawled: https://www.theguardian.com/culture
2025-08-06 11:08:16,020 - INFO - Successfully crawled: https://www.theguardian.com/lifeandstyle
2025-08-06 11:08:17,471 - INFO - Successfully crawled: https://www.theguardian.com/us-news/us-politics
2025-08-06 11:08:19,147 - INFO - Successfully crawled: https://www.theguardian.com/uk-news
2025-08-06 11:08:20,905 - INFO - Successfully crawled: https://www.theguardian.com/environment/climate-crisis
2025-08-06 11:08:22,354 - INFO - Successfully crawled: https://www.theguardian.com/world/middleeast
2025-08-06 11:08:23,769 - INFO - Successfully crawled: https://www.theguardian.com/world/ukraine
2025-08-06 11:08:25,476 - INFO - Successfully crawled: https://www.theguardian.com/environment
2025-08-06 11:08:27,097 - INFO - Successfully crawled: https://www.theguardian.com/science
2025-08-06 11:08:28,625 - INFO - Successfully crawled: https://www.theguardian.com/global-development
2025-08-06 11:08:30,219 - INFO - Successfully crawled: https://www.theguardian.com/football
2025-08-06 11:08:32,011 - INFO - Successfully crawled: https://www.theguardian.com/technology
2025-08-06 11:08:33,933 - INFO - Successfully crawled: https://www.theguardian.com/business
2025-08-06 11:08:35,754 - INFO - Successfully crawled: https://www.theguardian.com/obituaries
2025-08-06 11:08:37,125 - INFO - Successfully crawled: https://www.theguardian.com/profile/editorial
2025-08-06 11:08:38,922 - INFO - Successfully crawled: https://www.theguardian.com/index/contributors
2025-08-06 11:08:40,584 - INFO - Successfully crawled: https://www.theguardian.com/tone/cartoons
2025-08-06 11:08:41,823 - INFO - Successfully crawled: https://www.theguardian.com/type/video+tone/comment
2025-08-06 11:08:43,414 - INFO - Successfully crawled: https://www.theguardian.com/tone/letters
2025-08-06 11:08:44,667 - INFO - Successfully crawled: https://www.theguardian.com/sport/cricket
2025-08-06 11:08:46,065 - INFO - Successfully crawled: https://www.theguardian.com/sport/rugby-union
2025-08-06 11:08:47,510 - INFO - Successfully crawled: https://www.theguardian.com/sport/tennis
2025-08-06 11:08:49,084 - INFO - Successfully crawled: https://www.theguardian.com/sport/cycling
2025-08-06 11:08:50,484 - INFO - Successfully crawled: https://www.theguardian.com/sport/formulaone
2025-08-06 11:08:51,894 - INFO - Successfully crawled: https://www.theguardian.com/sport/golf
2025-08-06 11:08:53,322 - INFO - Successfully crawled: https://www.theguardian.com/sport/us-sport
2025-08-06 11:08:54,865 - INFO - Successfully crawled: https://www.theguardian.com/books
2025-08-06 11:08:56,257 - INFO - Successfully crawled: https://www.theguardian.com/music
2025-08-06 11:08:57,803 - INFO - Successfully crawled: https://www.theguardian.com/tv-and-radio
2025-08-06 11:08:59,183 - INFO - Successfully crawled: https://www.theguardian.com/artanddesign
2025-08-06 11:09:00,731 - INFO - Successfully crawled: https://www.theguardian.com/film
2025-08-06 11:09:01,761 - INFO - Saved 150 documents to ../data/crawled_data_20250806_110901.json
2025-08-06 11:12:37,123 - INFO - Successfully crawled: https://www.bbc.com/news/world
2025-08-06 11:12:38,558 - INFO - Successfully crawled: https://www.theguardian.com/world
2025-08-06 11:12:39,696 - INFO - Successfully crawled: https://www.bbc.com/news/world#main-content
2025-08-06 11:12:40,864 - INFO - Successfully crawled: https://www.bbc.com/
2025-08-06 11:12:42,025 - INFO - Successfully crawled: https://www.bbc.com/news
2025-08-06 11:13:02,364 - INFO - Successfully crawled: https://www.bbc.com/news/world
2025-08-06 11:13:03,630 - INFO - Successfully crawled: https://www.theguardian.com/world
2025-08-06 11:13:04,750 - INFO - Successfully crawled: https://www.bbc.com/news/world#main-content
2025-08-06 11:13:05,919 - INFO - Successfully crawled: https://www.bbc.com/
2025-08-06 11:13:07,064 - INFO - Successfully crawled: https://www.bbc.com/news
2025-08-06 11:13:08,230 - INFO - Successfully crawled: https://www.bbc.com/sport
2025-08-06 11:13:09,407 - INFO - Successfully crawled: https://www.bbc.com/business
2025-08-06 11:13:10,546 - INFO - Successfully crawled: https://www.bbc.com/innovation
2025-08-06 11:13:11,729 - INFO - Successfully crawled: https://www.bbc.com/culture
2025-08-06 11:13:12,871 - INFO - Successfully crawled: https://www.bbc.com/arts
2025-08-06 11:13:14,481 - INFO - Successfully crawled: https://www.bbc.com/travel
2025-08-06 11:13:15,635 - INFO - Successfully crawled: https://www.bbc.com/future-planet
2025-08-06 11:13:17,741 - INFO - Successfully crawled: https://www.bbc.com/audio
2025-08-06 11:13:18,879 - INFO - Successfully crawled: https://www.bbc.com/video
2025-08-06 11:13:20,547 - INFO - Successfully crawled: https://www.bbc.com/live
2025-08-06 11:13:21,849 - INFO - Successfully crawled: https://www.bbc.com/home
2025-08-06 11:13:22,998 - INFO - Successfully crawled: https://www.bbc.com/news/topics/c2vdnvdg6xxt
2025-08-06 11:13:24,148 - INFO - Successfully crawled: https://www.bbc.com/news/war-in-ukraine
2025-08-06 11:13:25,283 - INFO - Successfully crawled: https://www.bbc.com/news/us-canada
2025-08-06 11:13:26,426 - INFO - Successfully crawled: https://www.bbc.com/news/uk
2025-08-06 11:13:27,576 - INFO - Successfully crawled: https://www.bbc.com/news/politics
2025-08-06 11:13:28,730 - INFO - Successfully crawled: https://www.bbc.com/news/england
2025-08-06 11:13:29,880 - INFO - Successfully crawled: https://www.bbc.com/news/northern_ireland
2025-08-06 11:13:31,022 - INFO - Successfully crawled: https://www.bbc.com/news/northern_ireland/northern_ireland_politics
2025-08-06 11:13:32,228 - INFO - Successfully crawled: https://www.bbc.com/news/scotland
2025-08-06 11:13:33,342 - INFO - Successfully crawled: https://www.bbc.com/news/scotland/scotland_politics
2025-08-06 11:13:34,549 - INFO - Successfully crawled: https://www.bbc.com/news/wales
2025-08-06 11:13:35,670 - INFO - Successfully crawled: https://www.bbc.com/news/wales/wales_politics
2025-08-06 11:13:36,839 - INFO - Successfully crawled: https://www.bbc.com/news/world/africa
2025-08-06 11:13:37,968 - INFO - Successfully crawled: https://www.bbc.com/news/world/asia
2025-08-06 11:13:39,098 - INFO - Successfully crawled: https://www.bbc.com/news/world/asia/china
2025-08-06 11:13:40,261 - INFO - Successfully crawled: https://www.bbc.com/news/world/asia/india
2025-08-06 11:13:41,412 - INFO - Successfully crawled: https://www.bbc.com/news/world/australia
2025-08-06 11:13:42,558 - INFO - Successfully crawled: https://www.bbc.com/news/world/europe
2025-08-06 11:13:43,666 - INFO - Successfully crawled: https://www.bbc.com/news/world/latin_america
2025-08-06 11:13:44,784 - INFO - Successfully crawled: https://www.bbc.com/news/world/middle_east
2025-08-06 11:13:45,943 - INFO - Successfully crawled: https://www.bbc.com/news/in_pictures
2025-08-06 11:13:47,392 - INFO - Successfully crawled: https://www.bbc.com/news/bbcindepth
2025-08-06 11:13:49,145 - INFO - Successfully crawled: https://www.bbc.com/news/bbcverify
2025-08-06 11:13:50,963 - INFO - Successfully crawled: https://www.bbc.com/business/executive-lounge
2025-08-06 11:13:52,713 - INFO - Successfully crawled: https://www.bbc.com/business/technology-of-business
2025-08-06 11:13:54,708 - INFO - Successfully crawled: https://www.bbc.com/business/future-of-business
2025-08-06 11:13:57,003 - INFO - Successfully crawled: https://www.bbc.com/innovation/technology
2025-08-06 11:13:59,730 - INFO - Successfully crawled: https://www.bbc.com/innovation/science
2025-08-06 11:14:02,450 - INFO - Successfully crawled: https://www.bbc.com/innovation/artificial-intelligence
2025-08-06 11:14:04,108 - INFO - Successfully crawled: https://www.bbc.com/innovation/ai-v-the-mind
2025-08-06 11:14:05,647 - INFO - Successfully crawled: https://www.bbc.com/culture/film-tv
2025-08-06 11:14:06,819 - INFO - Successfully crawled: https://www.bbc.com/culture/music
2025-08-06 11:14:08,452 - INFO - Successfully crawled: https://www.bbc.com/culture/art
2025-08-06 11:14:11,414 - INFO - Successfully crawled: https://www.bbc.com/culture/style
2025-08-06 11:14:13,864 - INFO - Successfully crawled: https://www.bbc.com/culture/books
2025-08-06 11:14:16,470 - INFO - Successfully crawled: https://www.bbc.com/culture/entertainment-news
2025-08-06 11:14:18,307 - INFO - Successfully crawled: https://www.bbc.com/arts/arts-in-motion
2025-08-06 11:14:19,783 - INFO - Successfully crawled: https://www.bbc.com/travel/destinations
2025-08-06 11:14:22,505 - INFO - Successfully crawled: https://www.bbc.com/travel/destinations/africa
2025-08-06 11:14:23,937 - INFO - Successfully crawled: https://www.bbc.com/travel/destinations/antarctica
2025-08-06 11:14:25,402 - INFO - Successfully crawled: https://www.bbc.com/travel/destinations/asia
2025-08-06 11:14:27,278 - INFO - Successfully crawled: https://www.bbc.com/travel/destinations/australia-and-pacific
2025-08-06 11:14:28,891 - INFO - Successfully crawled: https://www.bbc.com/travel/destinations/caribbean
2025-08-06 11:14:30,348 - INFO - Successfully crawled: https://www.bbc.com/travel/destinations/central-america
2025-08-06 11:14:31,789 - INFO - Successfully crawled: https://www.bbc.com/travel/destinations/europe
2025-08-06 11:14:33,257 - INFO - Successfully crawled: https://www.bbc.com/travel/destinations/middle-east
2025-08-06 11:14:34,768 - INFO - Successfully crawled: https://www.bbc.com/travel/destinations/north-america
2025-08-06 11:14:36,239 - INFO - Successfully crawled: https://www.bbc.com/travel/destinations/south-america
2025-08-06 11:14:37,675 - INFO - Successfully crawled: https://www.bbc.com/travel/worlds-table
2025-08-06 11:14:39,247 - INFO - Successfully crawled: https://www.bbc.com/travel/cultural-experiences
2025-08-06 11:14:40,754 - INFO - Successfully crawled: https://www.bbc.com/travel/adventures
2025-08-06 11:14:42,310 - INFO - Successfully crawled: https://www.bbc.com/travel/specialist
2025-08-06 11:14:43,828 - INFO - Successfully crawled: https://www.bbc.com/future-planet/natural-wonders
2025-08-06 11:14:45,373 - INFO - Successfully crawled: https://www.bbc.com/future-planet/weather-science
2025-08-06 11:14:47,097 - INFO - Successfully crawled: https://www.bbc.com/future-planet/solutions
2025-08-06 11:14:48,507 - INFO - Successfully crawled: https://www.bbc.com/future-planet/sustainable-business
2025-08-06 11:14:50,000 - INFO - Successfully crawled: https://www.bbc.com/future-planet/green-living
2025-08-06 11:14:51,391 - INFO - Successfully crawled: https://www.bbc.com/audio/categories
2025-08-06 11:14:52,898 - INFO - Successfully crawled: https://www.bbc.com/audio/stations
2025-08-06 11:14:54,014 - ERROR - Error crawling https://www.bbc.com/undefined: 404 Client Error: Not Found for url: https://www.bbc.com/undefined
2025-08-06 11:14:55,450 - INFO - Successfully crawled: https://www.bbc.com/live/news
2025-08-06 11:14:56,851 - INFO - Successfully crawled: https://www.bbc.com/live/sport
2025-08-06 11:14:58,011 - INFO - Successfully crawled: https://www.bbc.com/weather
2025-08-06 11:14:59,098 - INFO - Successfully crawled: https://www.bbc.com/newsletters
2025-08-06 11:15:00,407 - INFO - Successfully crawled: https://www.bbc.com/news/articles/c7vln1966r4o
2025-08-06 11:15:01,898 - INFO - Successfully crawled: https://www.bbc.com/news/articles/c5yl6eegv63o
2025-08-06 11:15:03,375 - INFO - Successfully crawled: https://www.bbc.com/news/articles/cjw6v6z5l8lo
2025-08-06 11:15:04,523 - INFO - Successfully crawled: https://www.bbc.com/news/live/cdjxp4n2371t
2025-08-06 11:15:06,242 - INFO - Successfully crawled: https://www.bbc.com/news/articles/cly6w27dp7no
2025-08-06 11:15:07,414 - INFO - Successfully crawled: https://www.bbc.com/news/articles/c74dzdddvmjo
2025-08-06 11:15:08,590 - INFO - Successfully crawled: https://www.bbc.com/news/articles/cm2v58qrjq0o
2025-08-06 11:15:10,226 - INFO - Successfully crawled: https://www.bbc.com/news/articles/cy5prnk1qw1o
2025-08-06 11:15:11,378 - INFO - Successfully crawled: https://www.bbc.com/news/articles/cvg3pp52m65o
2025-08-06 11:15:12,534 - INFO - Successfully crawled: https://www.bbc.com/news/articles/c79l38vl3lwo
2025-08-06 11:15:13,717 - INFO - Successfully crawled: https://www.bbc.com/news/articles/cgm2812p9yxo
2025-08-06 11:15:15,433 - INFO - Successfully crawled: https://www.bbc.com/news/articles/c776njyl74po
2025-08-06 11:15:16,598 - INFO - Successfully crawled: https://www.bbc.com/news/articles/cz93ge90dywo
2025-08-06 11:15:17,783 - INFO - Successfully crawled: https://www.bbc.com/news/articles/cd97e120xe5o
2025-08-06 11:15:19,765 - INFO - Successfully crawled: https://www.bbc.com/news/articles/cwyp7lgyy4ro
2025-08-06 11:15:20,951 - INFO - Successfully crawled: https://www.bbc.com/news/articles/c1lemml19j0o
2025-08-06 11:15:23,940 - INFO - Successfully crawled: https://www.bbc.com/news/articles/cx2q7egqrpdo
2025-08-06 11:15:25,103 - INFO - Successfully crawled: https://www.bbc.com/news/videos/c3dpk8gd1kdo
2025-08-06 11:15:27,546 - INFO - Successfully crawled: https://www.bbc.com/news/videos/cy853m9993vo
2025-08-06 11:15:30,340 - INFO - Successfully crawled: https://www.bbc.com/news/videos/cpqv7j97z3lo
2025-08-06 11:15:31,584 - INFO - Successfully crawled: https://www.bbc.com/news/videos/c0mlwp783r0o
2025-08-06 11:15:34,067 - INFO - Successfully crawled: https://www.bbc.com/news/articles/cj3lxzpkn87o
2025-08-06 11:15:35,238 - INFO - Successfully crawled: https://www.bbc.com/news/articles/c4gm921x424o
2025-08-06 11:15:36,557 - INFO - Successfully crawled: https://www.bbc.com/news/videos/cx27072xgj9o
2025-08-06 11:15:37,735 - INFO - Successfully crawled: https://www.bbc.com/news/articles/c741n548dkko
2025-08-06 11:15:38,915 - INFO - Successfully crawled: https://www.bbc.com/pages/terms-of-use
2025-08-06 11:15:41,312 - INFO - Successfully crawled: https://www.bbc.com/pages/privacy-policy
2025-08-06 11:15:42,724 - INFO - Successfully crawled: https://www.bbc.com/usingthebbc/cookies/
2025-08-06 11:15:43,986 - INFO - Successfully crawled: https://www.bbc.com/advertisingcontact
2025-08-06 11:15:45,154 - INFO - Successfully crawled: https://www.bbc.com/usingthebbc/cookies/how-can-i-change-my-bbc-cookie-settings/
2025-08-06 11:15:46,522 - INFO - Successfully crawled: https://www.bbc.com/pages/archive
2025-08-06 11:15:47,699 - INFO - Successfully crawled: https://www.theguardian.com/world#maincontent
2025-08-06 11:15:59,944 - INFO - Successfully crawled: https://www.theguardian.com/world#navigation
2025-08-06 11:16:03,269 - INFO - Successfully crawled: https://www.theguardian.com/preference/edition/int
2025-08-06 11:16:05,130 - INFO - Successfully crawled: https://www.theguardian.com/preference/edition/uk
2025-08-06 11:16:06,850 - INFO - Successfully crawled: https://www.theguardian.com/preference/edition/us
2025-08-06 11:16:08,435 - INFO - Successfully crawled: https://www.theguardian.com/preference/edition/au
2025-08-06 11:16:10,034 - INFO - Successfully crawled: https://www.theguardian.com/preference/edition/eur
2025-08-06 11:16:11,354 - INFO - Successfully crawled: https://www.theguardian.com/
2025-08-06 11:16:12,755 - INFO - Successfully crawled: https://www.theguardian.com/commentisfree
2025-08-06 11:16:14,020 - INFO - Successfully crawled: https://www.theguardian.com/sport
2025-08-06 11:16:15,756 - INFO - Successfully crawled: https://www.theguardian.com/culture
2025-08-06 11:16:17,445 - INFO - Successfully crawled: https://www.theguardian.com/lifeandstyle
2025-08-06 11:16:18,840 - INFO - Successfully crawled: https://www.theguardian.com/us-news/us-politics
2025-08-06 11:16:20,263 - INFO - Successfully crawled: https://www.theguardian.com/uk-news
2025-08-06 11:16:21,605 - INFO - Successfully crawled: https://www.theguardian.com/environment/climate-crisis
2025-08-06 11:16:22,857 - INFO - Successfully crawled: https://www.theguardian.com/world/middleeast
2025-08-06 11:16:24,478 - INFO - Successfully crawled: https://www.theguardian.com/world/ukraine
2025-08-06 11:16:26,046 - INFO - Successfully crawled: https://www.theguardian.com/environment
2025-08-06 11:16:27,492 - INFO - Successfully crawled: https://www.theguardian.com/science
2025-08-06 11:16:29,079 - INFO - Successfully crawled: https://www.theguardian.com/global-development
2025-08-06 11:16:30,388 - INFO - Successfully crawled: https://www.theguardian.com/football
2025-08-06 11:16:32,075 - INFO - Successfully crawled: https://www.theguardian.com/technology
2025-08-06 11:16:33,691 - INFO - Successfully crawled: https://www.theguardian.com/business
2025-08-06 11:16:35,318 - INFO - Successfully crawled: https://www.theguardian.com/obituaries
2025-08-06 11:16:36,688 - INFO - Successfully crawled: https://www.theguardian.com/profile/editorial
2025-08-06 11:16:38,098 - INFO - Successfully crawled: https://www.theguardian.com/index/contributors
2025-08-06 11:16:39,473 - INFO - Successfully crawled: https://www.theguardian.com/tone/cartoons
2025-08-06 11:16:40,737 - INFO - Successfully crawled: https://www.theguardian.com/type/video+tone/comment
2025-08-06 11:16:42,044 - INFO - Successfully crawled: https://www.theguardian.com/tone/letters
2025-08-06 11:16:43,380 - INFO - Successfully crawled: https://www.theguardian.com/sport/cricket
2025-08-06 11:16:44,588 - INFO - Successfully crawled: https://www.theguardian.com/sport/rugby-union
2025-08-06 11:16:45,766 - INFO - Successfully crawled: https://www.theguardian.com/sport/tennis
2025-08-06 11:16:47,361 - INFO - Successfully crawled: https://www.theguardian.com/sport/cycling
2025-08-06 11:16:48,677 - INFO - Successfully crawled: https://www.theguardian.com/sport/formulaone
2025-08-06 11:16:50,032 - INFO - Successfully crawled: https://www.theguardian.com/sport/golf
2025-08-06 11:16:51,358 - INFO - Successfully crawled: https://www.theguardian.com/sport/us-sport
2025-08-06 11:16:52,805 - INFO - Successfully crawled: https://www.theguardian.com/books
2025-08-06 11:16:54,223 - INFO - Successfully crawled: https://www.theguardian.com/music
2025-08-06 11:16:55,784 - INFO - Successfully crawled: https://www.theguardian.com/tv-and-radio
2025-08-06 11:16:57,339 - INFO - Successfully crawled: https://www.theguardian.com/artanddesign
2025-08-06 11:16:58,402 - INFO - Saved 150 documents to ../data/crawled_data_20250806_111658.json
2025-08-06 11:19:43,577 - INFO - Successfully crawled: https://www.bbc.com/news/world
2025-08-06 11:19:45,033 - INFO - Successfully crawled: https://www.theguardian.com/world
2025-08-06 11:19:46,268 - INFO - Successfully crawled: https://www.bbc.com/news/world#main-content
2025-08-06 11:19:47,486 - INFO - Successfully crawled: https://www.bbc.com/
2025-08-06 11:19:48,727 - INFO - Successfully crawled: https://www.bbc.com/news
2025-08-06 11:19:50,043 - INFO - Successfully crawled: https://www.bbc.com/sport
2025-08-06 11:19:51,446 - INFO - Successfully crawled: https://www.bbc.com/business
2025-08-06 11:19:52,662 - INFO - Successfully crawled: https://www.bbc.com/innovation
2025-08-06 11:20:04,945 - INFO - Successfully crawled: https://www.bbc.com/culture
2025-08-06 11:20:06,123 - INFO - Successfully crawled: https://www.bbc.com/arts
2025-08-06 11:20:07,686 - INFO - Successfully crawled: https://www.bbc.com/travel
2025-08-06 11:20:09,219 - INFO - Successfully crawled: https://www.bbc.com/future-planet
2025-08-06 11:20:10,758 - INFO - Successfully crawled: https://www.bbc.com/audio
2025-08-06 11:20:12,348 - INFO - Successfully crawled: https://www.bbc.com/video
2025-08-06 11:20:13,811 - INFO - Successfully crawled: https://www.bbc.com/live
2025-08-06 11:20:15,245 - INFO - Successfully crawled: https://www.bbc.com/home
2025-08-06 11:20:16,664 - INFO - Successfully crawled: https://www.bbc.com/news/topics/c2vdnvdg6xxt
2025-08-06 11:20:28,724 - ERROR - Error crawling https://www.bbc.com/news/war-in-ukraine: HTTPSConnectionPool(host='www.bbc.com', port=443): Max retries exceeded with url: /news/war-in-ukraine (Caused by NameResolutionError("<urllib3.connection.HTTPSConnection object at 0x000002171049F9D0>: Failed to resolve 'www.bbc.com' ([Errno 11001] getaddrinfo failed)"))
2025-08-06 11:20:29,979 - INFO - Successfully crawled: https://www.bbc.com/news/us-canada
2025-08-06 11:20:31,138 - INFO - Successfully crawled: https://www.bbc.com/news/uk
2025-08-06 11:20:32,300 - INFO - Successfully crawled: https://www.bbc.com/news/politics
2025-08-06 11:20:33,312 - INFO - Saved 20 documents to ../data/crawled_data_20250806_112033.json
2025-08-06 11:39:34,946 - INFO - Successfully crawled: https://www.bbc.com/news/world
2025-08-06 11:39:36,480 - INFO - Successfully crawled: https://www.theguardian.com/world
2025-08-06 11:39:37,626 - INFO - Successfully crawled: https://www.bbc.com/news/world#main-content
2025-08-06 11:39:38,772 - INFO - Successfully crawled: https://www.bbc.com/
2025-08-06 11:39:39,967 - INFO - Successfully crawled: https://www.bbc.com/news
2025-08-06 11:39:40,971 - INFO - Saved 5 documents to ../data/crawled_data_20250806_113940.json
2025-08-06 12:20:35,282 - INFO - Successfully crawled: https://www.bbc.com/news/world
2025-08-06 12:20:36,666 - INFO - Successfully crawled: https://www.theguardian.com/world
2025-08-06 12:20:37,817 - INFO - Successfully crawled: https://www.bbc.com/news/world#main-content
2025-08-06 12:20:39,032 - INFO - Successfully crawled: https://www.bbc.com/
2025-08-06 12:20:40,177 - INFO - Successfully crawled: https://www.bbc.com/news
2025-08-06 12:20:41,375 - INFO - Successfully crawled: https://www.bbc.com/sport
2025-08-06 12:20:42,537 - INFO - Successfully crawled: https://www.bbc.com/business
2025-08-06 12:20:43,711 - INFO - Successfully crawled: https://www.bbc.com/innovation
2025-08-06 12:20:44,925 - INFO - Successfully crawled: https://www.bbc.com/culture
2025-08-06 12:20:46,059 - INFO - Successfully crawled: https://www.bbc.com/arts
2025-08-06 12:20:47,543 - INFO - Successfully crawled: https://www.bbc.com/travel
2025-08-06 12:20:48,867 - INFO - Successfully crawled: https://www.bbc.com/future-planet
2025-08-06 12:20:50,473 - INFO - Successfully crawled: https://www.bbc.com/audio
2025-08-06 12:20:51,653 - INFO - Successfully crawled: https://www.bbc.com/video
2025-08-06 12:20:52,842 - INFO - Successfully crawled: https://www.bbc.com/live
2025-08-06 12:20:54,210 - INFO - Successfully crawled: https://www.bbc.com/home
2025-08-06 12:20:55,376 - INFO - Successfully crawled: https://www.bbc.com/news/topics/c2vdnvdg6xxt
2025-08-06 12:20:56,534 - INFO - Successfully crawled: https://www.bbc.com/news/war-in-ukraine
2025-08-06 12:20:58,098 - INFO - Successfully crawled: https://www.bbc.com/news/us-canada
2025-08-06 12:20:59,318 - INFO - Successfully crawled: https://www.bbc.com/news/uk
2025-08-06 12:21:01,568 - INFO - Successfully crawled: https://www.bbc.com/news/politics
2025-08-06 12:21:02,772 - INFO - Successfully crawled: https://www.bbc.com/news/england
2025-08-06 12:21:03,955 - INFO - Successfully crawled: https://www.bbc.com/news/northern_ireland
2025-08-06 12:21:05,730 - INFO - Successfully crawled: https://www.bbc.com/news/northern_ireland/northern_ireland_politics
2025-08-06 12:21:06,930 - INFO - Successfully crawled: https://www.bbc.com/news/scotland
2025-08-06 12:21:08,612 - INFO - Successfully crawled: https://www.bbc.com/news/scotland/scotland_politics
2025-08-06 12:21:09,865 - INFO - Successfully crawled: https://www.bbc.com/news/wales
2025-08-06 12:21:11,036 - INFO - Successfully crawled: https://www.bbc.com/news/wales/wales_politics
2025-08-06 12:21:12,260 - INFO - Successfully crawled: https://www.bbc.com/news/world/africa
2025-08-06 12:21:13,467 - INFO - Successfully crawled: https://www.bbc.com/news/world/asia
2025-08-06 12:21:14,647 - INFO - Successfully crawled: https://www.bbc.com/news/world/asia/china
2025-08-06 12:21:15,852 - INFO - Successfully crawled: https://www.bbc.com/news/world/asia/india
2025-08-06 12:21:17,012 - INFO - Successfully crawled: https://www.bbc.com/news/world/australia
2025-08-06 12:21:18,275 - INFO - Successfully crawled: https://www.bbc.com/news/world/europe
2025-08-06 12:21:20,410 - INFO - Successfully crawled: https://www.bbc.com/news/world/latin_america
2025-08-06 12:21:21,627 - INFO - Successfully crawled: https://www.bbc.com/news/world/middle_east
2025-08-06 12:21:23,161 - INFO - Successfully crawled: https://www.bbc.com/news/in_pictures
2025-08-06 12:21:24,365 - INFO - Successfully crawled: https://www.bbc.com/news/bbcindepth
2025-08-06 12:21:27,637 - INFO - Successfully crawled: https://www.bbc.com/news/bbcverify
2025-08-06 12:21:30,548 - INFO - Successfully crawled: https://www.bbc.com/business/executive-lounge
2025-08-06 12:21:33,893 - INFO - Successfully crawled: https://www.bbc.com/business/technology-of-business
2025-08-06 12:21:35,192 - INFO - Successfully crawled: https://www.bbc.com/business/future-of-business
2025-08-06 12:21:37,322 - INFO - Successfully crawled: https://www.bbc.com/innovation/technology
2025-08-06 12:21:38,596 - INFO - Successfully crawled: https://www.bbc.com/innovation/science
2025-08-06 12:21:41,135 - INFO - Successfully crawled: https://www.bbc.com/innovation/artificial-intelligence
2025-08-06 12:21:43,967 - INFO - Successfully crawled: https://www.bbc.com/innovation/ai-v-the-mind
2025-08-06 12:21:46,089 - INFO - Successfully crawled: https://www.bbc.com/culture/film-tv
2025-08-06 12:21:47,357 - INFO - Successfully crawled: https://www.bbc.com/culture/music
2025-08-06 12:21:48,613 - INFO - Successfully crawled: https://www.bbc.com/culture/art
2025-08-06 12:21:51,094 - INFO - Successfully crawled: https://www.bbc.com/culture/style
2025-08-06 12:21:52,742 - INFO - Successfully crawled: https://www.bbc.com/culture/books
2025-08-06 12:21:53,964 - INFO - Successfully crawled: https://www.bbc.com/culture/entertainment-news
2025-08-06 12:21:55,991 - INFO - Successfully crawled: https://www.bbc.com/arts/arts-in-motion
2025-08-06 12:21:58,468 - INFO - Successfully crawled: https://www.bbc.com/travel/destinations
2025-08-06 12:22:00,428 - INFO - Successfully crawled: https://www.bbc.com/travel/destinations/africa
2025-08-06 12:22:02,103 - INFO - Successfully crawled: https://www.bbc.com/travel/destinations/antarctica
2025-08-06 12:22:03,726 - INFO - Successfully crawled: https://www.bbc.com/travel/destinations/asia
2025-08-06 12:22:05,414 - INFO - Successfully crawled: https://www.bbc.com/travel/destinations/australia-and-pacific
2025-08-06 12:22:07,538 - INFO - Successfully crawled: https://www.bbc.com/travel/destinations/caribbean
2025-08-06 12:22:09,359 - INFO - Successfully crawled: https://www.bbc.com/travel/destinations/central-america
2025-08-06 12:22:11,650 - INFO - Successfully crawled: https://www.bbc.com/travel/destinations/europe
2025-08-06 12:22:13,197 - INFO - Successfully crawled: https://www.bbc.com/travel/destinations/middle-east
2025-08-06 12:22:14,765 - INFO - Successfully crawled: https://www.bbc.com/travel/destinations/north-america
2025-08-06 12:22:16,593 - INFO - Successfully crawled: https://www.bbc.com/travel/destinations/south-america
2025-08-06 12:22:18,251 - INFO - Successfully crawled: https://www.bbc.com/travel/worlds-table
2025-08-06 12:22:19,981 - INFO - Successfully crawled: https://www.bbc.com/travel/cultural-experiences
2025-08-06 12:22:21,690 - INFO - Successfully crawled: https://www.bbc.com/travel/adventures
2025-08-06 12:22:23,287 - INFO - Successfully crawled: https://www.bbc.com/travel/specialist
2025-08-06 12:22:24,841 - INFO - Successfully crawled: https://www.bbc.com/future-planet/natural-wonders
2025-08-06 12:22:26,485 - INFO - Successfully crawled: https://www.bbc.com/future-planet/weather-science
2025-08-06 12:22:28,054 - INFO - Successfully crawled: https://www.bbc.com/future-planet/solutions
2025-08-06 12:22:29,616 - INFO - Successfully crawled: https://www.bbc.com/future-planet/sustainable-business
2025-08-06 12:22:31,090 - INFO - Successfully crawled: https://www.bbc.com/future-planet/green-living
2025-08-06 12:22:32,542 - WARNING - Falling back to <body>.
2025-08-06 12:22:32,546 - INFO - Successfully crawled: https://www.bbc.com/audio/categories
2025-08-06 12:22:33,938 - INFO - Successfully crawled: https://www.bbc.com/audio/stations
2025-08-06 12:22:35,042 - ERROR - Error crawling https://www.bbc.com/undefined: 404 Client Error: Not Found for url: https://www.bbc.com/undefined
2025-08-06 12:22:36,395 - INFO - Successfully crawled: https://www.bbc.com/live/news
2025-08-06 12:22:37,941 - INFO - Successfully crawled: https://www.bbc.com/live/sport
2025-08-06 12:22:39,126 - WARNING - Falling back to <body>.
2025-08-06 12:22:39,128 - INFO - Successfully crawled: https://www.bbc.com/weather
2025-08-06 12:22:40,544 - WARNING - Falling back to <body>.
2025-08-06 12:22:40,544 - INFO - Successfully crawled: https://www.bbc.com/newsletters
2025-08-06 12:22:41,860 - INFO - Successfully crawled: https://www.bbc.com/news/articles/c7vln1966r4o
2025-08-06 12:22:43,660 - INFO - Successfully crawled: https://www.bbc.com/news/articles/c5yl6eegv63o
2025-08-06 12:22:45,186 - INFO - Successfully crawled: https://www.bbc.com/news/articles/cjw6v6z5l8lo
2025-08-06 12:22:46,383 - INFO - Successfully crawled: https://www.bbc.com/news/live/cdjxp4n2371t
2025-08-06 12:22:47,539 - INFO - Successfully crawled: https://www.bbc.com/news/articles/cly6w27dp7no
2025-08-06 12:22:48,869 - INFO - Successfully crawled: https://www.bbc.com/news/articles/c74dzdddvmjo
2025-08-06 12:22:50,049 - INFO - Successfully crawled: https://www.bbc.com/news/articles/cm2v58qrjq0o
2025-08-06 12:22:51,211 - INFO - Successfully crawled: https://www.bbc.com/news/articles/cy5prnk1qw1o
2025-08-06 12:22:52,391 - INFO - Successfully crawled: https://www.bbc.com/news/articles/cvg3pp52m65o
2025-08-06 12:22:54,826 - INFO - Successfully crawled: https://www.bbc.com/news/articles/c79l38vl3lwo
2025-08-06 12:22:56,002 - INFO - Successfully crawled: https://www.bbc.com/news/articles/cgm2812p9yxo
2025-08-06 12:22:57,353 - INFO - Successfully crawled: https://www.bbc.com/news/articles/c776njyl74po
2025-08-06 12:22:58,524 - INFO - Successfully crawled: https://www.bbc.com/news/articles/cz93ge90dywo
2025-08-06 12:23:00,125 - INFO - Successfully crawled: https://www.bbc.com/news/articles/cd97e120xe5o
2025-08-06 12:23:01,655 - INFO - Successfully crawled: https://www.bbc.com/news/articles/cwyp7lgyy4ro
2025-08-06 12:23:02,851 - INFO - Successfully crawled: https://www.bbc.com/news/articles/c1lemml19j0o
2025-08-06 12:23:04,009 - INFO - Successfully crawled: https://www.bbc.com/news/articles/cx2q7egqrpdo
2025-08-06 12:23:06,551 - INFO - Successfully crawled: https://www.bbc.com/news/videos/c3dpk8gd1kdo
2025-08-06 12:23:08,916 - INFO - Successfully crawled: https://www.bbc.com/news/videos/cy853m9993vo
2025-08-06 12:23:10,080 - INFO - Successfully crawled: https://www.bbc.com/news/videos/cpqv7j97z3lo
2025-08-06 12:23:13,266 - INFO - Successfully crawled: https://www.bbc.com/news/videos/c0mlwp783r0o
2025-08-06 12:23:14,443 - INFO - Successfully crawled: https://www.bbc.com/news/articles/cj3lxzpkn87o
2025-08-06 12:23:15,604 - INFO - Successfully crawled: https://www.bbc.com/news/articles/c4gm921x424o
2025-08-06 12:23:16,782 - INFO - Successfully crawled: https://www.bbc.com/news/videos/cx27072xgj9o
2025-08-06 12:23:17,984 - INFO - Successfully crawled: https://www.bbc.com/news/articles/c741n548dkko
2025-08-06 12:23:20,549 - INFO - Successfully crawled: https://www.bbc.com/pages/terms-of-use
2025-08-06 12:23:21,697 - INFO - Successfully crawled: https://www.bbc.com/pages/privacy-policy
2025-08-06 12:23:22,850 - INFO - Successfully crawled: https://www.bbc.com/usingthebbc/cookies/
2025-08-06 12:23:24,101 - INFO - Successfully crawled: https://www.bbc.com/advertisingcontact
2025-08-06 12:23:25,389 - INFO - Successfully crawled: https://www.bbc.com/usingthebbc/cookies/how-can-i-change-my-bbc-cookie-settings/
2025-08-06 12:23:28,257 - INFO - Successfully crawled: https://www.bbc.com/pages/archive
2025-08-06 12:23:29,497 - INFO - Successfully crawled: https://www.theguardian.com/world#maincontent
2025-08-06 12:23:30,697 - INFO - Successfully crawled: https://www.theguardian.com/world#navigation
2025-08-06 12:23:32,212 - INFO - Successfully crawled: https://www.theguardian.com/preference/edition/int
2025-08-06 12:23:34,033 - INFO - Successfully crawled: https://www.theguardian.com/preference/edition/uk
2025-08-06 12:23:35,702 - INFO - Successfully crawled: https://www.theguardian.com/preference/edition/us
2025-08-06 12:23:37,826 - INFO - Successfully crawled: https://www.theguardian.com/preference/edition/au
2025-08-06 12:23:39,493 - INFO - Successfully crawled: https://www.theguardian.com/preference/edition/eur
2025-08-06 12:23:40,893 - INFO - Successfully crawled: https://www.theguardian.com/
2025-08-06 12:23:42,327 - INFO - Successfully crawled: https://www.theguardian.com/commentisfree
2025-08-06 12:23:43,701 - INFO - Successfully crawled: https://www.theguardian.com/sport
2025-08-06 12:23:45,285 - INFO - Successfully crawled: https://www.theguardian.com/culture
2025-08-06 12:23:46,976 - INFO - Successfully crawled: https://www.theguardian.com/lifeandstyle
2025-08-06 12:23:48,324 - INFO - Successfully crawled: https://www.theguardian.com/us-news/us-politics
2025-08-06 12:23:49,683 - INFO - Successfully crawled: https://www.theguardian.com/uk-news
2025-08-06 12:23:50,978 - INFO - Successfully crawled: https://www.theguardian.com/environment/climate-crisis
2025-08-06 12:23:52,316 - INFO - Successfully crawled: https://www.theguardian.com/world/middleeast
2025-08-06 12:23:53,691 - INFO - Successfully crawled: https://www.theguardian.com/world/ukraine
2025-08-06 12:23:55,241 - INFO - Successfully crawled: https://www.theguardian.com/environment
2025-08-06 12:23:56,586 - INFO - Successfully crawled: https://www.theguardian.com/science
2025-08-06 12:23:57,878 - INFO - Successfully crawled: https://www.theguardian.com/global-development
2025-08-06 12:23:59,248 - INFO - Successfully crawled: https://www.theguardian.com/football
2025-08-06 12:24:01,170 - INFO - Successfully crawled: https://www.theguardian.com/technology
2025-08-06 12:24:02,655 - INFO - Successfully crawled: https://www.theguardian.com/business
2025-08-06 12:24:04,396 - INFO - Successfully crawled: https://www.theguardian.com/obituaries
2025-08-06 12:24:05,702 - INFO - Successfully crawled: https://www.theguardian.com/profile/editorial
2025-08-06 12:24:07,046 - INFO - Successfully crawled: https://www.theguardian.com/index/contributors
2025-08-06 12:24:08,389 - INFO - Successfully crawled: https://www.theguardian.com/tone/cartoons
2025-08-06 12:24:09,793 - INFO - Successfully crawled: https://www.theguardian.com/type/video+tone/comment
2025-08-06 12:24:11,306 - INFO - Successfully crawled: https://www.theguardian.com/tone/letters
2025-08-06 12:24:12,676 - INFO - Successfully crawled: https://www.theguardian.com/sport/cricket
2025-08-06 12:24:14,330 - INFO - Successfully crawled: https://www.theguardian.com/sport/rugby-union
2025-08-06 12:24:15,631 - INFO - Successfully crawled: https://www.theguardian.com/sport/tennis
2025-08-06 12:24:16,960 - INFO - Successfully crawled: https://www.theguardian.com/sport/cycling
2025-08-06 12:24:18,297 - INFO - Successfully crawled: https://www.theguardian.com/sport/formulaone
2025-08-06 12:24:19,609 - INFO - Successfully crawled: https://www.theguardian.com/sport/golf
2025-08-06 12:24:20,931 - INFO - Successfully crawled: https://www.theguardian.com/sport/us-sport
2025-08-06 12:24:22,323 - INFO - Successfully crawled: https://www.theguardian.com/books
2025-08-06 12:24:23,814 - INFO - Successfully crawled: https://www.theguardian.com/music
2025-08-06 12:24:25,342 - INFO - Successfully crawled: https://www.theguardian.com/tv-and-radio
2025-08-06 12:24:26,810 - INFO - Successfully crawled: https://www.theguardian.com/artanddesign
2025-08-06 12:24:27,873 - INFO - Saved 150 documents to ../data/crawled_data_20250806_122427.json
